{
  "RSpec": {
    "coverage": {
      "/Users/RS/Desktop/postgrad_projects/snowstake_ruby/snowstake/spec/fabricators/state_fabricator.rb": [
        1,
        2,
        2,
        2,
        null
      ],
      "/Users/RS/Desktop/postgrad_projects/snowstake_ruby/snowstake/app/models/state.rb": [
        1,
        1,
        null,
        1,
        null,
        null,
        null,
        null,
        null,
        1,
        null,
        null,
        null,
        null,
        null,
        1,
        1,
        null,
        null
      ],
      "/Users/RS/Desktop/postgrad_projects/snowstake_ruby/snowstake/app/models/application_record.rb": [
        1,
        1,
        null
      ],
      "/Users/RS/Desktop/postgrad_projects/snowstake_ruby/snowstake/app/controllers/states_controller.rb": [
        1,
        null,
        1,
        null,
        null
      ],
      "/Users/RS/Desktop/postgrad_projects/snowstake_ruby/snowstake/app/controllers/application_controller.rb": [
        1,
        1,
        null
      ],
      "/Users/RS/Desktop/postgrad_projects/snowstake_ruby/snowstake/app/controllers/api/v1/states_controller.rb": [
        1,
        null,
        1,
        1,
        null,
        null
      ]
    },
    "timestamp": 1510953462
  }
}
