{
  "RSpec": {
    "coverage": {
      "/Users/RS/Desktop/postgrad_projects/snowstake_ruby/snowstake/app/models/forecast.rb": [
        1,
        1,
        null,
        1,
        null,
        null,
        null,
        null,
        null,
        null,
        null,
        null,
        null,
        null,
        null,
        null,
        null,
        null,
        null,
        null,
        null,
        null,
        null,
        null,
        null,
        null,
        null,
        null,
        null,
        null,
        null,
        null,
        null,
        null,
        null,
        null,
        null,
        null,
        null,
        null,
        null,
        null,
        null,
        null,
        null,
        null,
        null,
        null,
        null,
        null,
        null,
        null,
        null,
        null,
        null,
        null,
        null,
        null,
        null,
        null,
        null,
        null,
        null,
        null,
        null,
        null,
        null,
        null,
        null
      ],
      "/Users/RS/Desktop/postgrad_projects/snowstake_ruby/snowstake/app/models/application_record.rb": [
        1,
        1,
        null
      ],
      "/Users/RS/Desktop/postgrad_projects/snowstake_ruby/snowstake/spec/model/resort_spec.rb": [
        1,
        null,
        1,
        1,
        2,
        2,
        2,
        null,
        2,
        2,
        2,
        null,
        null,
        1,
        2,
        2,
        null,
        null
      ],
      "/Users/RS/Desktop/postgrad_projects/snowstake_ruby/snowstake/app/models/resort.rb": [
        1,
        1,
        1,
        null,
        1,
        null,
        null,
        null,
        null,
        null,
        1,
        null,
        null,
        null,
        null,
        null,
        null
      ],
      "/Users/RS/Desktop/postgrad_projects/snowstake_ruby/snowstake/spec/model/state_spec.rb": [
        1,
        null,
        1,
        1,
        2,
        2,
        2,
        null,
        2,
        2,
        2,
        null,
        null,
        null,
        1,
        2,
        null,
        null
      ],
      "/Users/RS/Desktop/postgrad_projects/snowstake_ruby/snowstake/app/models/state.rb": [
        1,
        1,
        null,
        1,
        null,
        null,
        null,
        null,
        null,
        1,
        null,
        null,
        null,
        null,
        null,
        1,
        0,
        null,
        null
      ]
    },
    "timestamp": 1510954283
  }
}
